<?xml version="1.0" encoding="UTF-8"?>
<testng-results ignored="0" total="1" passed="1" failed="0" skipped="0">
  <reporter-output>
  </reporter-output>
  <suite started-at="2024-10-29T17:22:34 IST" name="Suite" finished-at="2024-10-29T17:22:48 IST" duration-ms="14565">
    <groups>
    </groups>
    <test started-at="2024-10-29T17:22:34 IST" name="Test" finished-at="2024-10-29T17:22:48 IST" duration-ms="14565">
      <class name="testCases.RegistrationTest">
        <test-method is-config="true" signature="setUp()[pri:0, instance:testCases.RegistrationTest@41a90fa8]" started-at="2024-10-29T17:22:34 IST" name="setUp" finished-at="2024-10-29T17:22:41 IST" duration-ms="7039" status="PASS">
          <reporter-output>
          </reporter-output>
        </test-method> <!-- setUp -->
        <test-method signature="verifyAccountRegistration()[pri:0, instance:testCases.RegistrationTest@41a90fa8]" started-at="2024-10-29T17:22:41 IST" name="verifyAccountRegistration" finished-at="2024-10-29T17:22:48 IST" duration-ms="6938" status="PASS">
          <reporter-output>
          </reporter-output>
        </test-method> <!-- verifyAccountRegistration -->
        <test-method is-config="true" signature="tearDown()[pri:0, instance:testCases.RegistrationTest@41a90fa8]" started-at="2024-10-29T17:22:48 IST" name="tearDown" finished-at="2024-10-29T17:22:48 IST" duration-ms="216" status="PASS">
          <reporter-output>
          </reporter-output>
        </test-method> <!-- tearDown -->
      </class> <!-- testCases.RegistrationTest -->
    </test> <!-- Test -->
  </suite> <!-- Suite -->
</testng-results>
